<?xml version="1.0" encoding="UTF-8"?>
<!-- Generated by org.testng.reporters.JUnitReportReporter -->
<testsuite hostname="DESKTOP-F6L6QI8" failures="0" tests="1" name="testCases.LmsApiProject.TC001_LmsgetMethod" time="4.729" errors="0" timestamp="25 Mar 2022 19:13:24 GMT">
  <testcase classname="testCases.LmsApiProject.TC001_LmsgetMethod" name="Get_allprograms" time="4.729"/>
</testsuite> <!-- testCases.LmsApiProject.TC001_LmsgetMethod -->
