<?xml version="1.0" encoding="UTF-8"?>
<!-- Generated by org.testng.reporters.JUnitReportReporter -->
<testsuite hostname="DESKTOP-F6L6QI8" failures="0" tests="1" name="testCases.LmsApiProject.TC001_LmsgetMethod" time="12.087" errors="0" timestamp="9 Mar 2022 18:18:05 GMT">
  <testcase classname="testCases.LmsApiProject.TC001_LmsgetMethod" name="Get_allprograms" time="12.087"/>
</testsuite> <!-- testCases.LmsApiProject.TC001_LmsgetMethod -->
