<?xml version="1.0" encoding="UTF-8"?>
<!-- Generated by org.testng.reporters.JUnitReportReporter -->
<testsuite hostname="DESKTOP-F6L6QI8" failures="0" tests="2" name="testCases.LmsApiProject.TC002_LmsPostmethod" time="0.984" errors="0" timestamp="25 Mar 2022 19:13:24 GMT">
  <testcase classname="testCases.LmsApiProject.TC002_LmsPostmethod" name="Post_program" time="0.651"/>
  <testcase classname="testCases.LmsApiProject.TC002_LmsPostmethod" name="Post_program" time="0.333"/>
</testsuite> <!-- testCases.LmsApiProject.TC002_LmsPostmethod -->
