<?xml version="1.0" encoding="UTF-8"?>
<!-- Generated by org.testng.reporters.JUnitReportReporter -->
<testsuite hostname="DESKTOP-F6L6QI8" failures="0" tests="1" name="testCases.LmsApiProject.LmsApi_getTest" time="8.130" errors="0" timestamp="20 Feb 2022 05:39:12 GMT">
  <testcase classname="testCases.LmsApiProject.LmsApi_getTest" name="Get_allprograms" time="8.130"/>
</testsuite> <!-- testCases.LmsApiProject.LmsApi_getTest -->
