<?xml version="1.0" encoding="UTF-8"?>
<!-- Generated by org.testng.reporters.JUnitReportReporter -->
<testsuite hostname="DESKTOP-F6L6QI8" failures="0" tests="2" name="testCases.LmsApiProject.TC003_LmsPutMethod" time="0.857" errors="0" timestamp="25 Mar 2022 19:13:24 GMT">
  <testcase classname="testCases.LmsApiProject.TC003_LmsPutMethod" name="Lms_Putprogram" time="0.463"/>
  <testcase classname="testCases.LmsApiProject.TC003_LmsPutMethod" name="Lms_Putprogram" time="0.394"/>
</testsuite> <!-- testCases.LmsApiProject.TC003_LmsPutMethod -->
