<?xml version="1.0" encoding="UTF-8"?>
<!-- Generated by org.testng.reporters.JUnitReportReporter -->
<testsuite hostname="DESKTOP-F6L6QI8" failures="0" tests="1" name="testCases.LmsApiProject.Lms_jsonschemavalidation" time="7.520" errors="0" timestamp="9 Mar 2022 18:18:05 GMT">
  <testcase classname="testCases.LmsApiProject.Lms_jsonschemavalidation" name="Get_allprograms" time="7.520"/>
</testsuite> <!-- testCases.LmsApiProject.Lms_jsonschemavalidation -->
