<?xml version="1.0" encoding="UTF-8"?>
<!-- Generated by org.testng.reporters.JUnitReportReporter -->
<testsuite hostname="DESKTOP-F6L6QI8" failures="0" tests="2" name="testCases.LmsApiProject.TC004_LmsDeleteMethod" time="0.705" errors="0" timestamp="25 Mar 2022 19:13:24 GMT">
  <testcase classname="testCases.LmsApiProject.TC004_LmsDeleteMethod" name="Lms_Deleteprograms" time="0.307"/>
  <testcase classname="testCases.LmsApiProject.TC004_LmsDeleteMethod" name="Lms_Deleteprograms" time="0.398"/>
</testsuite> <!-- testCases.LmsApiProject.TC004_LmsDeleteMethod -->
