<?xml version="1.0" encoding="UTF-8"?>
<!-- Generated by org.testng.reporters.JUnitReportReporter -->
<testsuite hostname="DESKTOP-F6L6QI8" failures="0" tests="1" name="RestApiTests.jsonschema_Jobsapi" time="2.193" errors="0" timestamp="9 Mar 2022 18:07:03 GMT">
  <testcase classname="RestApiTests.jsonschema_Jobsapi" name="get_programs" time="2.193"/>
</testsuite> <!-- RestApiTests.jsonschema_Jobsapi -->
