<?xml version="1.0" encoding="UTF-8"?>
<!-- Generated by org.testng.reporters.JUnitReportReporter -->
<testsuite hostname="DESKTOP-F6L6QI8" failures="0" tests="1" name="RestApiTests.JobsAPi_PostprogramsTest" time="0.002" errors="0" timestamp="9 Mar 2022 17:12:46 GMT">
  <testcase classname="RestApiTests.JobsAPi_PostprogramsTest" name="f" time="0.002"/>
</testsuite> <!-- RestApiTests.JobsAPi_PostprogramsTest -->
