<?xml version="1.0" encoding="UTF-8"?>
<!-- Generated by org.testng.reporters.JUnitReportReporter -->
<testsuite hostname="DESKTOP-F6L6QI8" failures="0" tests="1" name="RestApiTests.JobsAPi_getprograms" time="1.684" errors="0" timestamp="9 Mar 2022 18:07:03 GMT">
  <testcase classname="RestApiTests.JobsAPi_getprograms" name="get_programs" time="1.684"/>
</testsuite> <!-- RestApiTests.JobsAPi_getprograms -->
