<?xml version="1.0" encoding="UTF-8"?>
<!-- Generated by org.testng.reporters.JUnitReportReporter -->
<testsuite hostname="DESKTOP-F6L6QI8" failures="0" tests="1" name="Restassured.jobsApi.test_getprograms" time="1.814" errors="0" timestamp="16 Feb 2022 21:51:36 GMT">
  <testcase classname="Restassured.jobsApi.test_getprograms" name="get_programs" time="1.814"/>
</testsuite> <!-- Restassured.jobsApi.test_getprograms -->
