<?xml version="1.0" encoding="UTF-8"?>
<!-- Generated by org.testng.reporters.JUnitReportReporter -->
<testsuite hostname="DESKTOP-F6L6QI8" failures="0" tests="3" name="RestApiTests.JobsApi_Putprogram" time="2.153" errors="0" timestamp="9 Mar 2022 18:08:29 GMT">
  <testcase classname="RestApiTests.JobsApi_Putprogram" name="Put_programs" time="1.683"/>
  <testcase classname="RestApiTests.JobsApi_Putprogram" name="Put_programs" time="0.296"/>
  <testcase classname="RestApiTests.JobsApi_Putprogram" name="Put_programs" time="0.174"/>
</testsuite> <!-- RestApiTests.JobsApi_Putprogram -->
