<?xml version="1.0" encoding="UTF-8"?>
<!-- Generated by org.testng.reporters.JUnitReportReporter -->
<testsuite hostname="DESKTOP-F6L6QI8" failures="0" tests="1" name="RestApiTests.JobsAPi_test_getprograms" time="1.723" errors="0" timestamp="18 Feb 2022 20:28:20 GMT">
  <testcase classname="RestApiTests.JobsAPi_test_getprograms" name="get_programs" time="1.723"/>
</testsuite> <!-- RestApiTests.JobsAPi_test_getprograms -->
