<?xml version="1.0" encoding="UTF-8"?>
<!-- Generated by org.testng.reporters.JUnitReportReporter -->
<testsuite hostname="DESKTOP-F6L6QI8" failures="0" tests="3" name="RestApiTests.JobsAPi_Postprograms" time="2.145" errors="0" timestamp="9 Mar 2022 18:08:08 GMT">
  <testcase classname="RestApiTests.JobsAPi_Postprograms" name="Post_program" time="0.171"/>
  <testcase classname="RestApiTests.JobsAPi_Postprograms" name="Post_program" time="1.688"/>
  <testcase classname="RestApiTests.JobsAPi_Postprograms" name="Post_program" time="0.286"/>
</testsuite> <!-- RestApiTests.JobsAPi_Postprograms -->
