<?xml version="1.0" encoding="UTF-8"?>
<!-- Generated by org.testng.reporters.JUnitReportReporter -->
<testsuite hostname="DESKTOP-F6L6QI8" failures="0" tests="1" name="RestApiTests.test_postprograms" time="2.061" errors="0" timestamp="18 Feb 2022 03:51:16 GMT">
  <testcase classname="RestApiTests.test_postprograms" name="post_At_test" time="2.061"/>
</testsuite> <!-- RestApiTests.test_postprograms -->
