<?xml version="1.0" encoding="UTF-8"?>
<!-- Generated by org.testng.reporters.JUnitReportReporter -->
<testsuite hostname="DESKTOP-F6L6QI8" failures="0" tests="3" name="missionHumaneProject.Missionhumanetestpage" time="648.882" errors="0" timestamp="2022-04-25T13:30:25 EDT" skipped="0">
  <testcase classname="missionHumaneProject.Missionhumanetestpage" name="tndataSearch" time="164.441"/>
  <system-out/>
  <testcase classname="missionHumaneProject.Missionhumanetestpage" name="punecovidsearchdata" time="345.619"/>
  <system-out/>
  <testcase classname="missionHumaneProject.Missionhumanetestpage" name="wbdataSearch" time="138.822"/>
  <system-out/>
</testsuite> <!-- missionHumaneProject.Missionhumanetestpage -->
